# JRE version: OpenJDK Runtime Environment (8.0) (build 1.8.0-25-microsoft-b00)
# Java VM: OpenJDK 64-Bit Server VM (25.71-b00 mixed mode windows-amd64 compressed oops)
Heap:
 PSYoungGen      total 23040K, used 22224K [0x0000000715c00000, 0x0000000717a00000, 0x00000007c0000000)
  eden space 17408K, 95% used [0x0000000715c00000,0x0000000716c39cb0,0x0000000716d00000)
  from space 5632K, 99% used [0x0000000716e80000,0x00000007173fa580,0x0000000717400000)
  to   space 6144K, 0% used [0x0000000717400000,0x0000000717400000,0x0000000717a00000)
 ParOldGen       total 14336K, used 7902K [0x00000005c1400000, 0x00000005c2200000, 0x0000000715c00000)
  object space 14336K, 55% used [0x00000005c1400000,0x00000005c1bb7ab0,0x00000005c2200000)
 Metaspace       used 7751K, capacity 8596K, committed 8960K, reserved 1056768K
  class space    used 868K, capacity 912K, committed 1024K, reserved 1048576K
GC Heap History (10 events):
Event: 0.291 GC heap before
{Heap before GC invocations=6 (full 0):
 PSYoungGen      total 6656K, used 6393K [0x0000000715c00000, 0x0000000716c00000, 0x00000007c0000000)
  eden space 6144K, 95% used [0x0000000715c00000,0x00000007161be480,0x0000000716200000)
  from space 512K, 100% used [0x0000000716200000,0x0000000716280000,0x0000000716280000)
  to   space 2048K, 0% used [0x0000000716a00000,0x0000000716a00000,0x0000000716c00000)
 ParOldGen       total 5632K, used 2326K [0x00000005c1400000, 0x00000005c1980000, 0x0000000715c00000)
  object space 5632K, 41% used [0x00000005c1400000,0x00000005c1645ab0,0x00000005c1980000)
 Metaspace       used 7240K, capacity 8180K, committed 8320K, reserved 1056768K
  class space    used 849K, capacity 880K, committed 896K, reserved 1048576K
Event: 0.293 GC heap after
Heap after GC invocations=6 (full 0):
 PSYoungGen      total 13312K, used 2041K [0x0000000715c00000, 0x0000000716e00000, 0x00000007c0000000)
  eden space 11264K, 0% used [0x0000000715c00000,0x0000000715c00000,0x0000000716700000)
  from space 2048K, 99% used [0x0000000716a00000,0x0000000716bfe480,0x0000000716c00000)
  to   space 3072K, 0% used [0x0000000716700000,0x0000000716700000,0x0000000716a00000)
 ParOldGen       total 5632K, used 3230K [0x00000005c1400000, 0x00000005c1980000, 0x0000000715c00000)
  object space 5632K, 57% used [0x00000005c1400000,0x00000005c1727ad0,0x00000005c1980000)
 Metaspace       used 7240K, capacity 8180K, committed 8320K, reserved 1056768K
  class space    used 849K, capacity 880K, committed 896K, reserved 1048576K
}
Event: 0.320 GC heap before
{Heap before GC invocations=7 (full 0):
 PSYoungGen      total 13312K, used 11228K [0x0000000715c00000, 0x0000000716e00000, 0x00000007c0000000)
  eden space 11264K, 81% used [0x0000000715c00000,0x00000007164f8d00,0x0000000716700000)
  from space 2048K, 99% used [0x0000000716a00000,0x0000000716bfe480,0x0000000716c00000)
  to   space 3072K, 0% used [0x0000000716700000,0x0000000716700000,0x0000000716a00000)
 ParOldGen       total 5632K, used 3230K [0x00000005c1400000, 0x00000005c1980000, 0x0000000715c00000)
  object space 5632K, 57% used [0x00000005c1400000,0x00000005c1727ad0,0x00000005c1980000)
 Metaspace       used 7244K, capacity 8180K, committed 8320K, reserved 1056768K
  class space    used 849K, capacity 880K, committed 896K, reserved 1048576K
Event: 0.322 GC heap after
Heap after GC invocations=7 (full 0):
 PSYoungGen      total 14336K, used 3070K [0x0000000715c00000, 0x0000000717d00000, 0x00000007c0000000)
  eden space 11264K, 0% used [0x0000000715c00000,0x0000000715c00000,0x0000000716700000)
  from space 3072K, 99% used [0x0000000716700000,0x00000007169ffaa8,0x0000000716a00000)
  to   space 5632K, 0% used [0x0000000717780000,0x0000000717780000,0x0000000717d00000)
 ParOldGen       total 8192K, used 7508K [0x00000005c1400000, 0x00000005c1c00000, 0x0000000715c00000)
  object space 8192K, 91% used [0x00000005c1400000,0x00000005c1b55218,0x00000005c1c00000)
 Metaspace       used 7244K, capacity 8180K, committed 8320K, reserved 1056768K
  class space    used 849K, capacity 880K, committed 896K, reserved 1048576K
}
Event: 0.322 GC heap before
{Heap before GC invocations=8 (full 1):
 PSYoungGen      total 14336K, used 3070K [0x0000000715c00000, 0x0000000717d00000, 0x00000007c0000000)
  eden space 11264K, 0% used [0x0000000715c00000,0x0000000715c00000,0x0000000716700000)
  from space 3072K, 99% used [0x0000000716700000,0x00000007169ffaa8,0x0000000716a00000)
  to   space 5632K, 0% used [0x0000000717780000,0x0000000717780000,0x0000000717d00000)
 ParOldGen       total 8192K, used 7508K [0x00000005c1400000, 0x00000005c1c00000, 0x0000000715c00000)
  object space 8192K, 91% used [0x00000005c1400000,0x00000005c1b55218,0x00000005c1c00000)
 Metaspace       used 7244K, capacity 8180K, committed 8320K, reserved 1056768K
  class space    used 849K, capacity 880K, committed 896K, reserved 1048576K
Event: 0.352 GC heap after
Heap after GC invocations=8 (full 1):
 PSYoungGen      total 14336K, used 0K [0x0000000715c00000, 0x0000000717d00000, 0x00000007c0000000)
  eden space 11264K, 0% used [0x0000000715c00000,0x0000000715c00000,0x0000000716700000)
  from space 3072K, 0% used [0x0000000716700000,0x0000000716700000,0x0000000716a00000)
  to   space 5632K, 0% used [0x0000000717780000,0x0000000717780000,0x0000000717d00000)
 ParOldGen       total 14336K, used 7742K [0x00000005c1400000, 0x00000005c2200000, 0x0000000715c00000)
  object space 14336K, 54% used [0x00000005c1400000,0x00000005c1b8fab0,0x00000005c2200000)
 Metaspace       used 7244K, capacity 8180K, committed 8320K, reserved 1056768K
  class space    used 849K, capacity 880K, committed 896K, reserved 1048576K
}
Event: 0.367 GC heap before
{Heap before GC invocations=9 (full 1):
 PSYoungGen      total 14336K, used 11264K [0x0000000715c00000, 0x0000000717d00000, 0x00000007c0000000)
  eden space 11264K, 100% used [0x0000000715c00000,0x0000000716700000,0x0000000716700000)
  from space 3072K, 0% used [0x0000000716700000,0x0000000716700000,0x0000000716a00000)
  to   space 5632K, 0% used [0x0000000717780000,0x0000000717780000,0x0000000717d00000)
 ParOldGen       total 14336K, used 7742K [0x00000005c1400000, 0x00000005c2200000, 0x0000000715c00000)
  object space 14336K, 54% used [0x00000005c1400000,0x00000005c1b8fab0,0x00000005c2200000)
 Metaspace       used 7251K, capacity 8180K, committed 8320K, reserved 1056768K
  class space    used 849K, capacity 880K, committed 896K, reserved 1048576K
Event: 0.368 GC heap after
Heap after GC invocations=9 (full 1):
 PSYoungGen      total 16896K, used 1545K [0x0000000715c00000, 0x0000000717980000, 0x00000007c0000000)
  eden space 14848K, 0% used [0x0000000715c00000,0x0000000715c00000,0x0000000716a80000)
  from space 2048K, 75% used [0x0000000717780000,0x0000000717902580,0x0000000717980000)
  to   space 5632K, 0% used [0x0000000716e80000,0x0000000716e80000,0x0000000717400000)
 ParOldGen       total 14336K, used 7742K [0x00000005c1400000, 0x00000005c2200000, 0x0000000715c00000)
  object space 14336K, 54% used [0x00000005c1400000,0x00000005c1b8fab0,0x00000005c2200000)
 Metaspace       used 7251K, capacity 8180K, committed 8320K, reserved 1056768K
  class space    used 849K, capacity 880K, committed 896K, reserved 1048576K
}
Event: 0.426 GC heap before
{Heap before GC invocations=10 (full 1):
 PSYoungGen      total 16896K, used 16393K [0x0000000715c00000, 0x0000000717980000, 0x00000007c0000000)
  eden space 14848K, 100% used [0x0000000715c00000,0x0000000716a80000,0x0000000716a80000)
  from space 2048K, 75% used [0x0000000717780000,0x0000000717902580,0x0000000717980000)
  to   space 5632K, 0% used [0x0000000716e80000,0x0000000716e80000,0x0000000717400000)
 ParOldGen       total 14336K, used 7742K [0x00000005c1400000, 0x00000005c2200000, 0x0000000715c00000)
  object space 14336K, 54% used [0x00000005c1400000,0x00000005c1b8fab0,0x00000005c2200000)
 Metaspace       used 7384K, capacity 8308K, committed 8576K, reserved 1056768K
  class space    used 849K, capacity 880K, committed 896K, reserved 1048576K
Event: 0.428 GC heap after
Heap after GC invocations=10 (full 1):
 PSYoungGen      total 23040K, used 5609K [0x0000000715c00000, 0x0000000717a00000, 0x00000007c0000000)
  eden space 17408K, 0% used [0x0000000715c00000,0x0000000715c00000,0x0000000716d00000)
  from space 5632K, 99% used [0x0000000716e80000,0x00000007173fa580,0x0000000717400000)
  to   space 6144K, 0% used [0x0000000717400000,0x0000000717400000,0x0000000717a00000)
 ParOldGen       total 14336K, used 7902K [0x00000005c1400000, 0x00000005c2200000, 0x0000000715c00000)
  object space 14336K, 55% used [0x00000005c1400000,0x00000005c1bb7ab0,0x00000005c2200000)
 Metaspace       used 7384K, capacity 8308K, committed 8576K, reserved 1056768K
  class space    used 849K, capacity 880K, committed 896K, reserved 1048576K
}

